WARNING: A terminally deprecated method in sun.misc.Unsafe has been called
WARNING: sun.misc.Unsafe::staticFieldBase has been called by com.google.inject.internal.aop.HiddenClassDefiner (file:/opt/homebrew/Cellar/maven/3.9.11/libexec/lib/guice-5.1.0-classes.jar)
WARNING: Please consider reporting this to the maintainers of class com.google.inject.internal.aop.HiddenClassDefiner
WARNING: sun.misc.Unsafe::staticFieldBase will be removed in a future release
[INFO] Scanning for projects...
[INFO] 
[INFO] -------------------< com.OriginHubs:unified-backend >-------------------
[INFO] Building Unified Backend 1.0.0
[INFO]   from pom.xml
[INFO] --------------------------------[ jar ]---------------------------------
[INFO] 
[INFO] >>> spring-boot:3.2.0:run (default-cli) > test-compile @ unified-backend >>>
[INFO] 
[INFO] --- resources:3.3.1:resources (default-resources) @ unified-backend ---
[INFO] Copying 2 resources from src/main/resources to target/classes
[INFO] Copying 5 resources from src/main/resources to target/classes
[INFO] 
[INFO] --- compiler:3.11.0:compile (default-compile) @ unified-backend ---
[INFO] Changes detected - recompiling the module! :source
[INFO] Compiling 211 source files with javac [debug release 17] to target/classes
[INFO] 
[INFO] --- resources:3.3.1:testResources (default-testResources) @ unified-backend ---
[INFO] skip non existing resourceDirectory /Users/hemapriya/Desktop/Disk/Development/MobApp/adi_aam/Unified_Backend/src/test/resources
[INFO] 
[INFO] --- compiler:3.11.0:testCompile (default-testCompile) @ unified-backend ---
[INFO] No sources to compile
[INFO] 
[INFO] <<< spring-boot:3.2.0:run (default-cli) < test-compile @ unified-backend <<<
[INFO] 
[INFO] 
[INFO] --- spring-boot:3.2.0:run (default-cli) @ unified-backend ---
[INFO] Attaching agents: []
Standard Commons Logging discovery in action with spring-jcl: please remove commons-logging.jar from classpath in order to avoid potential conflicts
Standard Commons Logging discovery in action with spring-jcl: please remove commons-logging.jar from classpath in order to avoid potential conflicts

  .   ____          _            __ _ _
 /\\ / ___'_ __ _ _(_)_ __  __ _ \ \ \ \
( ( )\___ | '_ | '_| | '_ \/ _` | \ \ \ \
 \\/  ___)| |_)| | | | | || (_| |  ) ) ) )
  '  |____| .__|_| |_|_| |_\__, | / / / /
 =========|_|==============|___/=/_/_/_/
 :: Spring Boot ::                (v3.2.0)

2025-12-18T22:19:32.085-06:00  INFO 21405 --- [unified-backend] [  restartedMain] com.OriginHubs.Amraj.AmrajApplication    : Starting AmrajApplication using Java 25 with PID 21405 (/Users/hemapriya/Desktop/Disk/Development/MobApp/adi_aam/Unified_Backend/target/classes started by hemapriya in /Users/hemapriya/Desktop/Disk/Development/MobApp/adi_aam/Unified_Backend)
2025-12-18T22:19:32.086-06:00  INFO 21405 --- [unified-backend] [  restartedMain] com.OriginHubs.Amraj.AmrajApplication    : No active profile set, falling back to 1 default profile: "default"
2025-12-18T22:19:32.110-06:00  INFO 21405 --- [unified-backend] [  restartedMain] .e.DevToolsPropertyDefaultsPostProcessor : Devtools property defaults active! Set 'spring.devtools.add-properties' to 'false' to disable
2025-12-18T22:19:32.110-06:00  INFO 21405 --- [unified-backend] [  restartedMain] .e.DevToolsPropertyDefaultsPostProcessor : For additional web related logging consider setting the 'logging.level.web' property to 'DEBUG'
2025-12-18T22:19:32.375-06:00  INFO 21405 --- [unified-backend] [  restartedMain] .s.d.r.c.RepositoryConfigurationDelegate : Bootstrapping Spring Data JPA repositories in DEFAULT mode.
2025-12-18T22:19:32.407-06:00  INFO 21405 --- [unified-backend] [  restartedMain] .s.d.r.c.RepositoryConfigurationDelegate : Finished Spring Data repository scanning in 29 ms. Found 28 JPA repository interfaces.
WARNING: A restricted method in java.lang.System has been called
WARNING: java.lang.System::load has been called by org.apache.tomcat.jni.Library in an unnamed module (file:/Users/hemapriya/.m2/repository/org/apache/tomcat/embed/tomcat-embed-core/10.1.16/tomcat-embed-core-10.1.16.jar)
WARNING: Use --enable-native-access=ALL-UNNAMED to avoid a warning for callers in this module
WARNING: Restricted methods will be blocked in a future release unless native access is enabled

2025-12-18T22:19:32.953-06:00  INFO 21405 --- [unified-backend] [  restartedMain] o.s.b.w.embedded.tomcat.TomcatWebServer  : Tomcat initialized with port 8080 (http)
2025-12-18T22:19:32.958-06:00  INFO 21405 --- [unified-backend] [  restartedMain] o.apache.catalina.core.StandardService   : Starting service [Tomcat]
2025-12-18T22:19:32.958-06:00  INFO 21405 --- [unified-backend] [  restartedMain] o.apache.catalina.core.StandardEngine    : Starting Servlet engine: [Apache Tomcat/10.1.16]
2025-12-18T22:19:32.976-06:00  INFO 21405 --- [unified-backend] [  restartedMain] o.a.c.c.C.[Tomcat].[localhost].[/]       : Initializing Spring embedded WebApplicationContext
2025-12-18T22:19:32.977-06:00  INFO 21405 --- [unified-backend] [  restartedMain] w.s.c.ServletWebServerApplicationContext : Root WebApplicationContext: initialization completed in 866 ms
Standard Commons Logging discovery in action with spring-jcl: please remove commons-logging.jar from classpath in order to avoid potential conflicts
2025-12-18T22:19:33.166-06:00  INFO 21405 --- [unified-backend] [  restartedMain] o.hibernate.jpa.internal.util.LogHelper  : HHH000204: Processing PersistenceUnitInfo [name: default]
2025-12-18T22:19:33.197-06:00  INFO 21405 --- [unified-backend] [  restartedMain] org.hibernate.Version                    : HHH000412: Hibernate ORM core version 6.3.1.Final
2025-12-18T22:19:33.209-06:00  INFO 21405 --- [unified-backend] [  restartedMain] o.h.c.internal.RegionFactoryInitiator    : HHH000026: Second-level cache disabled
2025-12-18T22:19:33.320-06:00  INFO 21405 --- [unified-backend] [  restartedMain] o.s.o.j.p.SpringPersistenceUnitInfo      : No LoadTimeWeaver setup: ignoring JPA class transformer
2025-12-18T22:19:33.332-06:00  INFO 21405 --- [unified-backend] [  restartedMain] com.zaxxer.hikari.HikariDataSource       : HikariPool-1 - Starting...
2025-12-18T22:19:33.400-06:00  INFO 21405 --- [unified-backend] [  restartedMain] com.zaxxer.hikari.pool.HikariPool        : HikariPool-1 - Added connection org.postgresql.jdbc.PgConnection@715c9674
2025-12-18T22:19:33.401-06:00  INFO 21405 --- [unified-backend] [  restartedMain] com.zaxxer.hikari.HikariDataSource       : HikariPool-1 - Start completed.
2025-12-18T22:19:33.415-06:00  WARN 21405 --- [unified-backend] [  restartedMain] org.hibernate.orm.deprecation            : HHH90000025: PostgreSQLDialect does not need to be specified explicitly using 'hibernate.dialect' (remove the property setting and it will be selected by default)
2025-12-18T22:19:33.496-06:00  WARN 21405 --- [unified-backend] [  restartedMain] o.h.boot.model.internal.ToOneBinder      : HHH000491: 'com.OriginHubs.Amraj.model.Order.hub' uses both @NotFound and FetchType.LAZY. @ManyToOne and @OneToOne associations mapped with @NotFound are forced to EAGER fetching.
2025-12-18T22:19:33.496-06:00  WARN 21405 --- [unified-backend] [  restartedMain] o.h.boot.model.internal.ToOneBinder      : HHH000491: 'com.OriginHubs.Amraj.model.Order.issue' uses both @NotFound and FetchType.LAZY. @ManyToOne and @OneToOne associations mapped with @NotFound are forced to EAGER fetching.
2025-12-18T22:19:34.021-06:00  INFO 21405 --- [unified-backend] [  restartedMain] o.h.e.t.j.p.i.JtaPlatformInitiator       : HHH000489: No JTA platform available (set 'hibernate.transaction.jta.platform' to enable JTA platform integration)
2025-12-18T22:19:34.022-06:00  INFO 21405 --- [unified-backend] [  restartedMain] j.LocalContainerEntityManagerFactoryBean : Initialized JPA EntityManagerFactory for persistence unit 'default'
2025-12-18T22:19:34.170-06:00  INFO 21405 --- [unified-backend] [  restartedMain] o.s.d.j.r.query.QueryEnhancerFactory     : Hibernate is in classpath; If applicable, HQL parser will be used.
2025-12-18T22:19:35.219-06:00  WARN 21405 --- [unified-backend] [  restartedMain] .s.s.UserDetailsServiceAutoConfiguration : 

Using generated security password: 726c8f0c-b686-4dd4-98f9-0b11f1fd1d64

This generated password is for development use only. Your security configuration must be updated before running your application in production.

2025-12-18T22:19:35.406-06:00  INFO 21405 --- [unified-backend] [  restartedMain] o.s.b.a.e.web.EndpointLinksResolver      : Exposing 2 endpoint(s) beneath base path '/actuator'
2025-12-18T22:19:35.432-06:00  INFO 21405 --- [unified-backend] [  restartedMain] o.s.s.web.DefaultSecurityFilterChain     : Will secure Or [Mvc [pattern='/api/customer/**']] with [org.springframework.security.web.session.DisableEncodeUrlFilter@67f36c96, org.springframework.security.web.context.request.async.WebAsyncManagerIntegrationFilter@2557aee5, org.springframework.security.web.context.SecurityContextHolderFilter@59b1297c, org.springframework.security.web.header.HeaderWriterFilter@3fcb1a51, org.springframework.web.filter.CorsFilter@48d0fa18, org.springframework.security.web.authentication.logout.LogoutFilter@558727a9, com.OriginHubs.Amraj.security.JwtAuthenticationFilter@5900c981, org.springframework.security.web.savedrequest.RequestCacheAwareFilter@441e760d, org.springframework.security.web.servletapi.SecurityContextHolderAwareRequestFilter@3587bc5b, org.springframework.security.web.authentication.AnonymousAuthenticationFilter@128e00f5, org.springframework.security.web.session.SessionManagementFilter@75ee56a0, org.springframework.security.web.access.ExceptionTranslationFilter@67063df, org.springframework.security.web.access.intercept.AuthorizationFilter@4a16ee3a]
2025-12-18T22:19:35.436-06:00  INFO 21405 --- [unified-backend] [  restartedMain] o.s.s.web.DefaultSecurityFilterChain     : Will secure Or [Mvc [pattern='/api/admin/**']] with [org.springframework.security.web.session.DisableEncodeUrlFilter@673b16a7, org.springframework.security.web.context.request.async.WebAsyncManagerIntegrationFilter@d4d9b6, org.springframework.security.web.context.SecurityContextHolderFilter@53e390a6, org.springframework.security.web.header.HeaderWriterFilter@2f683fc1, org.springframework.web.filter.CorsFilter@2a0818c6, org.springframework.security.web.authentication.logout.LogoutFilter@4a95a3bd, org.springframework.security.web.savedrequest.RequestCacheAwareFilter@4fc93ac8, org.springframework.security.web.servletapi.SecurityContextHolderAwareRequestFilter@6bc4d982, org.springframework.security.web.authentication.AnonymousAuthenticationFilter@63b447bf, org.springframework.security.web.access.ExceptionTranslationFilter@163653e0, org.springframework.security.web.access.intercept.AuthorizationFilter@1491797]
2025-12-18T22:19:35.438-06:00  INFO 21405 --- [unified-backend] [  restartedMain] o.s.s.web.DefaultSecurityFilterChain     : Will secure any request with [org.springframework.security.web.session.DisableEncodeUrlFilter@5140d2ab, org.springframework.security.web.context.request.async.WebAsyncManagerIntegrationFilter@3f5217be, org.springframework.security.web.context.SecurityContextHolderFilter@5b4eea4c, org.springframework.security.web.header.HeaderWriterFilter@123e71, org.springframework.web.filter.CorsFilter@3da97769, org.springframework.security.web.authentication.logout.LogoutFilter@6860c38e, org.springframework.security.web.savedrequest.RequestCacheAwareFilter@21512eb, org.springframework.security.web.servletapi.SecurityContextHolderAwareRequestFilter@552000b1, org.springframework.security.web.authentication.AnonymousAuthenticationFilter@6f5969a4, org.springframework.security.web.access.ExceptionTranslationFilter@7a65b0e8, org.springframework.security.web.access.intercept.AuthorizationFilter@17b8b353]
2025-12-18T22:19:35.623-06:00  WARN 21405 --- [unified-backend] [  restartedMain] o.s.b.d.a.OptionalLiveReloadServer       : Unable to start LiveReload server
2025-12-18T22:19:35.653-06:00  WARN 21405 --- [unified-backend] [  restartedMain] ConfigServletWebServerApplicationContext : Exception encountered during context initialization - cancelling refresh attempt: org.springframework.context.ApplicationContextException: Failed to start bean 'webServerStartStop'
2025-12-18T22:19:35.657-06:00  INFO 21405 --- [unified-backend] [  restartedMain] j.LocalContainerEntityManagerFactoryBean : Closing JPA EntityManagerFactory for persistence unit 'default'
2025-12-18T22:19:35.658-06:00  INFO 21405 --- [unified-backend] [  restartedMain] com.zaxxer.hikari.HikariDataSource       : HikariPool-1 - Shutdown initiated...
2025-12-18T22:19:35.659-06:00  INFO 21405 --- [unified-backend] [  restartedMain] com.zaxxer.hikari.HikariDataSource       : HikariPool-1 - Shutdown completed.
2025-12-18T22:19:35.668-06:00  INFO 21405 --- [unified-backend] [  restartedMain] .s.b.a.l.ConditionEvaluationReportLogger : 

Error starting ApplicationContext. To display the condition evaluation report re-run your application with 'debug' enabled.
2025-12-18T22:19:35.675-06:00 ERROR 21405 --- [unified-backend] [  restartedMain] o.s.b.d.LoggingFailureAnalysisReporter   : 

***************************
APPLICATION FAILED TO START
***************************

Description:

Web server failed to start. Port 8080 was already in use.

Action:

Identify and stop the process that's listening on port 8080 or configure this application to listen on another port.

[INFO] ------------------------------------------------------------------------
[INFO] BUILD SUCCESS
[INFO] ------------------------------------------------------------------------
[INFO] Total time:  6.059 s
[INFO] Finished at: 2025-12-18T22:19:35-06:00
[INFO] ------------------------------------------------------------------------
